<?xml version="1.0" encoding="UTF-8"?>
<!-- Generated by org.testng.reporters.JUnitReportReporter -->
<testsuite hostname="Lenovo" failures="1" tests="2" name="Runner.Loginrunner" time="54.700" errors="0" timestamp="2024-11-24T10:49:39 IST" skipped="0">
  <testcase classname="Runner.Loginrunner" name="runScenario" time="27.283">
    <failure message="expected [No data] but found [Beetroot]" type="java.lang.AssertionError">
      <![CDATA[java.lang.AssertionError: expected [No data] but found [Beetroot]
at org.testng.Assert.fail(Assert.java:111)
at org.testng.Assert.failNotEquals(Assert.java:1578)
at org.testng.Assert.assertEqualsImpl(Assert.java:150)
at org.testng.Assert.assertEquals(Assert.java:132)
at org.testng.Assert.assertEquals(Assert.java:656)
at org.testng.Assert.assertEquals(Assert.java:666)
at Steps.OfferPageSteps.user_searched_with_shortname_in_offers_page_to_check_if_product_exists(OfferPageSteps.java:52)
at ✽.user searched with shortname beet in offers page to check if product exists.(file:///C:/Users/abhij/eclipse-workspace/BDD_Cucumber/src/test/resources/ApplicationTest_FeatureFiles/Scenario_Outline.feature:7)
]]>
    </failure>
  </testcase> <!-- runScenario -->
  <testcase classname="Runner.Loginrunner" name="runScenario" time="27.417"/>
</testsuite> <!-- Runner.Loginrunner -->
